<?xml version="1.0" encoding="UTF-8"?>
<!-- Generated by org.testng.reporters.JUnitReportReporter -->
<testsuite skipped="0" hostname="DESKTOP-34EVSF8" name="intenetbanking.testcases.TC_Logintest_001" tests="1" failures="0" timestamp="26 Feb 2022 22:31:27 GMT" time="4.612" errors="0">
  <testcase name="logintest" time="4.612" classname="intenetbanking.testcases.TC_Logintest_001"/>
</testsuite> <!-- intenetbanking.testcases.TC_Logintest_001 -->
