<?xml version="1.0" encoding="UTF-8"?>
<!-- Generated by org.testng.reporters.JUnitReportReporter -->
<testsuite skipped="0" hostname="DESKTOP-34EVSF8" name="intenetbanking.testcases.Login_Data_Drive_TC_002" tests="1" failures="0" timestamp="26 Feb 2022 22:36:05 GMT" time="13.190" errors="0">
  <testcase name="loginDDT" time="13.190" classname="intenetbanking.testcases.Login_Data_Drive_TC_002"/>
</testsuite> <!-- intenetbanking.testcases.Login_Data_Drive_TC_002 -->
